0 info it worked if it ends with ok
1 verbose cli [ 'C:\\Program Files\\nodejs\\node.exe',
1 verbose cli   'C:\\Program Files\\nodejs\\node_modules\\npm\\bin\\npm-cli.js',
1 verbose cli   'install' ]
2 info using npm@3.10.10
3 info using node@v7.3.0
4 silly loadCurrentTree Starting
5 silly install loadCurrentTree
6 silly install readLocalPackageData
7 silly install normalizeTree
8 silly loadCurrentTree Finishing
9 silly loadIdealTree Starting
10 silly install loadIdealTree
11 silly cloneCurrentTree Starting
12 silly install cloneCurrentTreeToIdealTree
13 silly cloneCurrentTree Finishing
14 silly loadShrinkwrap Starting
15 silly install loadShrinkwrap
16 silly loadShrinkwrap Finishing
17 silly loadAllDepsIntoIdealTree Starting
18 silly install loadAllDepsIntoIdealTree
19 silly fetchNamedPackageData fsm-engine
20 silly mapToRegistry name fsm-engine
21 silly mapToRegistry using default registry
22 silly mapToRegistry registry https://registry.npmjs.org/
23 silly mapToRegistry data Result {
23 silly mapToRegistry   raw: 'fsm-engine',
23 silly mapToRegistry   scope: null,
23 silly mapToRegistry   escapedName: 'fsm-engine',
23 silly mapToRegistry   name: 'fsm-engine',
23 silly mapToRegistry   rawSpec: '',
23 silly mapToRegistry   spec: 'latest',
23 silly mapToRegistry   type: 'tag' }
24 silly mapToRegistry uri https://registry.npmjs.org/fsm-engine
25 verbose request uri https://registry.npmjs.org/fsm-engine
26 verbose request no auth needed
27 info attempt registry request try #1 at 21:39:33
28 verbose request using bearer token for auth
29 verbose request id a60d4a55416cb8f9
30 http request GET https://registry.npmjs.org/fsm-engine
31 http 200 https://registry.npmjs.org/fsm-engine
32 verbose headers { server: 'nginx/1.10.1',
32 verbose headers   'content-type': 'application/json',
32 verbose headers   'last-modified': 'Mon, 24 Apr 2017 20:39:09 GMT',
32 verbose headers   etag: 'W/"58fe626d-971"',
32 verbose headers   'content-encoding': 'gzip',
32 verbose headers   'cache-control': 'max-age=300',
32 verbose headers   'transfer-encoding': 'chunked',
32 verbose headers   'accept-ranges': 'bytes',
32 verbose headers   date: 'Mon, 24 Apr 2017 20:39:34 GMT',
32 verbose headers   via: '1.1 varnish',
32 verbose headers   connection: 'keep-alive',
32 verbose headers   'x-served-by': 'cache-mad9429-MAD',
32 verbose headers   'x-cache': 'MISS',
32 verbose headers   'x-cache-hits': '0',
32 verbose headers   'x-timer': 'S1493066374.872316,VS0,VE219',
32 verbose headers   vary: 'Accept-Encoding' }
33 silly get cb [ 200,
33 silly get   { server: 'nginx/1.10.1',
33 silly get     'content-type': 'application/json',
33 silly get     'last-modified': 'Mon, 24 Apr 2017 20:39:09 GMT',
33 silly get     etag: 'W/"58fe626d-971"',
33 silly get     'content-encoding': 'gzip',
33 silly get     'cache-control': 'max-age=300',
33 silly get     'transfer-encoding': 'chunked',
33 silly get     'accept-ranges': 'bytes',
33 silly get     date: 'Mon, 24 Apr 2017 20:39:34 GMT',
33 silly get     via: '1.1 varnish',
33 silly get     connection: 'keep-alive',
33 silly get     'x-served-by': 'cache-mad9429-MAD',
33 silly get     'x-cache': 'MISS',
33 silly get     'x-cache-hits': '0',
33 silly get     'x-timer': 'S1493066374.872316,VS0,VE219',
33 silly get     vary: 'Accept-Encoding' } ]
34 verbose get saving fsm-engine to C:\Users\Ricardo Morais\AppData\Roaming\npm-cache\registry.npmjs.org\fsm-engine\.cache.json
35 verbose correctMkdir C:\Users\Ricardo Morais\AppData\Roaming\npm-cache correctMkdir not in flight; initializing
36 silly resolveWithNewModule fsm-engine@0.0.2 checking installable status
37 silly cache add args [ 'fsm-engine@0.0.2', null ]
38 verbose cache add spec fsm-engine@0.0.2
39 silly cache add parsed spec Result {
39 silly cache add   raw: 'fsm-engine@0.0.2',
39 silly cache add   scope: null,
39 silly cache add   escapedName: 'fsm-engine',
39 silly cache add   name: 'fsm-engine',
39 silly cache add   rawSpec: '0.0.2',
39 silly cache add   spec: '0.0.2',
39 silly cache add   type: 'version' }
40 silly addNamed fsm-engine@0.0.2
41 verbose addNamed "0.0.2" is a plain semver version for fsm-engine
42 silly mapToRegistry name fsm-engine
43 silly mapToRegistry using default registry
44 silly mapToRegistry registry https://registry.npmjs.org/
45 silly mapToRegistry data Result {
45 silly mapToRegistry   raw: 'fsm-engine',
45 silly mapToRegistry   scope: null,
45 silly mapToRegistry   escapedName: 'fsm-engine',
45 silly mapToRegistry   name: 'fsm-engine',
45 silly mapToRegistry   rawSpec: '',
45 silly mapToRegistry   spec: 'latest',
45 silly mapToRegistry   type: 'tag' }
46 silly mapToRegistry uri https://registry.npmjs.org/fsm-engine
47 verbose addNameVersion registry:https://registry.npmjs.org/fsm-engine not in flight; fetching
48 verbose get https://registry.npmjs.org/fsm-engine not expired, no request
49 silly cache afterAdd fsm-engine@0.0.2
50 verbose afterAdd C:\Users\Ricardo Morais\AppData\Roaming\npm-cache\fsm-engine\0.0.2\package\package.json not in flight; writing
51 verbose correctMkdir C:\Users\Ricardo Morais\AppData\Roaming\npm-cache correctMkdir not in flight; initializing
52 verbose afterAdd C:\Users\Ricardo Morais\AppData\Roaming\npm-cache\fsm-engine\0.0.2\package\package.json written
53 silly fetchNamedPackageData fsm-core
54 silly mapToRegistry name fsm-core
55 silly mapToRegistry using default registry
56 silly mapToRegistry registry https://registry.npmjs.org/
57 silly mapToRegistry data Result {
57 silly mapToRegistry   raw: 'fsm-core',
57 silly mapToRegistry   scope: null,
57 silly mapToRegistry   escapedName: 'fsm-core',
57 silly mapToRegistry   name: 'fsm-core',
57 silly mapToRegistry   rawSpec: '',
57 silly mapToRegistry   spec: 'latest',
57 silly mapToRegistry   type: 'tag' }
58 silly mapToRegistry uri https://registry.npmjs.org/fsm-core
59 silly fetchNamedPackageData request
60 silly mapToRegistry name request
61 silly mapToRegistry using default registry
62 silly mapToRegistry registry https://registry.npmjs.org/
63 silly mapToRegistry data Result {
63 silly mapToRegistry   raw: 'request',
63 silly mapToRegistry   scope: null,
63 silly mapToRegistry   escapedName: 'request',
63 silly mapToRegistry   name: 'request',
63 silly mapToRegistry   rawSpec: '',
63 silly mapToRegistry   spec: 'latest',
63 silly mapToRegistry   type: 'tag' }
64 silly mapToRegistry uri https://registry.npmjs.org/request
65 silly fetchOtherPackageData scxml@git+ssh://git@github.com/moraispgsi/SCION.git
66 silly cache add args [ 'scxml@git+ssh://git@github.com/moraispgsi/SCION.git', null ]
67 verbose cache add spec scxml@git+ssh://git@github.com/moraispgsi/SCION.git
68 silly cache add parsed spec Result {
68 silly cache add   raw: 'scxml@git+ssh://git@github.com/moraispgsi/SCION.git',
68 silly cache add   scope: null,
68 silly cache add   escapedName: 'scxml',
68 silly cache add   name: 'scxml',
68 silly cache add   rawSpec: 'git+ssh://git@github.com/moraispgsi/SCION.git',
68 silly cache add   spec: 'git+ssh://git@github.com/moraispgsi/SCION.git',
68 silly cache add   type: 'hosted',
68 silly cache add   hosted:
68 silly cache add    { type: 'github',
68 silly cache add      ssh: 'git@github.com:moraispgsi/SCION.git',
68 silly cache add      sshUrl: 'git+ssh://git@github.com/moraispgsi/SCION.git',
68 silly cache add      httpsUrl: 'git+https://github.com/moraispgsi/SCION.git',
68 silly cache add      gitUrl: 'git://github.com/moraispgsi/SCION.git',
68 silly cache add      shortcut: 'github:moraispgsi/SCION',
68 silly cache add      directUrl: 'https://raw.githubusercontent.com/moraispgsi/SCION/master/package.json' } }
69 verbose addRemoteGit caching git+ssh://git@github.com/moraispgsi/SCION.git
70 verbose addRemoteGit git+ssh://git@github.com/moraispgsi/SCION.git is a repository hosted by github
71 silly tryClone cloning git+ssh://git@github.com/moraispgsi/SCION.git via git+ssh://git@github.com/moraispgsi/SCION.git
72 verbose tryClone git-ssh-git-github-com-moraispgsi-SCION-git-d04ccd06 not in flight; caching
73 verbose correctMkdir C:\Users\Ricardo Morais\AppData\Roaming\npm-cache\_git-remotes correctMkdir not in flight; initializing
74 verbose request uri https://registry.npmjs.org/fsm-core
75 verbose request no auth needed
76 info attempt registry request try #1 at 21:39:34
77 verbose request using bearer token for auth
78 verbose etag W/"58fe3c79-6cab"
79 verbose lastModified Mon, 24 Apr 2017 17:57:13 GMT
80 http request GET https://registry.npmjs.org/fsm-core
81 verbose request uri https://registry.npmjs.org/request
82 verbose request no auth needed
83 info attempt registry request try #1 at 21:39:34
84 verbose request using bearer token for auth
85 verbose etag W/"58fc9663-373bc"
86 verbose lastModified Sun, 23 Apr 2017 11:56:19 GMT
87 http request GET https://registry.npmjs.org/request
88 info git [ 'config', '--get', 'remote.origin.url' ]
89 silly validateExistingRemote git+ssh://git@github.com/moraispgsi/SCION.git remote.origin.url: ssh://git@github.com/moraispgsi/SCION.git
90 verbose validateExistingRemote git+ssh://git@github.com/moraispgsi/SCION.git is updating existing cached remote C:\Users\Ricardo Morais\AppData\Roaming\npm-cache\_git-remotes\git-ssh-git-github-com-moraispgsi-SCION-git-d04ccd06
91 info git [ 'fetch', '-a', 'origin' ]
92 http 304 https://registry.npmjs.org/fsm-core
93 verbose headers { server: 'nginx/1.10.1',
93 verbose headers   'last-modified': 'Mon, 24 Apr 2017 17:57:13 GMT',
93 verbose headers   etag: '"58fe3c79-6cab"',
93 verbose headers   'cache-control': 'max-age=300',
93 verbose headers   'accept-ranges': 'bytes',
93 verbose headers   date: 'Mon, 24 Apr 2017 20:39:34 GMT',
93 verbose headers   via: '1.1 varnish',
93 verbose headers   connection: 'keep-alive',
93 verbose headers   'x-served-by': 'cache-mad9429-MAD',
93 verbose headers   'x-cache': 'MISS',
93 verbose headers   'x-cache-hits': '0',
93 verbose headers   'x-timer': 'S1493066374.261429,VS0,VE36',
93 verbose headers   vary: 'Accept-Encoding' }
94 silly get cb [ 304,
94 silly get   { server: 'nginx/1.10.1',
94 silly get     'last-modified': 'Mon, 24 Apr 2017 17:57:13 GMT',
94 silly get     etag: '"58fe3c79-6cab"',
94 silly get     'cache-control': 'max-age=300',
94 silly get     'accept-ranges': 'bytes',
94 silly get     date: 'Mon, 24 Apr 2017 20:39:34 GMT',
94 silly get     via: '1.1 varnish',
94 silly get     connection: 'keep-alive',
94 silly get     'x-served-by': 'cache-mad9429-MAD',
94 silly get     'x-cache': 'MISS',
94 silly get     'x-cache-hits': '0',
94 silly get     'x-timer': 'S1493066374.261429,VS0,VE36',
94 silly get     vary: 'Accept-Encoding' } ]
95 verbose etag https://registry.npmjs.org/fsm-core from cache
96 verbose get saving fsm-core to C:\Users\Ricardo Morais\AppData\Roaming\npm-cache\registry.npmjs.org\fsm-core\.cache.json
97 verbose correctMkdir C:\Users\Ricardo Morais\AppData\Roaming\npm-cache correctMkdir not in flight; initializing
98 silly resolveWithNewModule fsm-core@0.0.13 checking installable status
99 silly cache add args [ 'fsm-core@0.0.13', null ]
100 verbose cache add spec fsm-core@0.0.13
101 silly cache add parsed spec Result {
101 silly cache add   raw: 'fsm-core@0.0.13',
101 silly cache add   scope: null,
101 silly cache add   escapedName: 'fsm-core',
101 silly cache add   name: 'fsm-core',
101 silly cache add   rawSpec: '0.0.13',
101 silly cache add   spec: '0.0.13',
101 silly cache add   type: 'version' }
102 silly addNamed fsm-core@0.0.13
103 verbose addNamed "0.0.13" is a plain semver version for fsm-core
104 silly mapToRegistry name fsm-core
105 silly mapToRegistry using default registry
106 silly mapToRegistry registry https://registry.npmjs.org/
107 silly mapToRegistry data Result {
107 silly mapToRegistry   raw: 'fsm-core',
107 silly mapToRegistry   scope: null,
107 silly mapToRegistry   escapedName: 'fsm-core',
107 silly mapToRegistry   name: 'fsm-core',
107 silly mapToRegistry   rawSpec: '',
107 silly mapToRegistry   spec: 'latest',
107 silly mapToRegistry   type: 'tag' }
108 silly mapToRegistry uri https://registry.npmjs.org/fsm-core
109 verbose addNameVersion registry:https://registry.npmjs.org/fsm-core not in flight; fetching
110 verbose get https://registry.npmjs.org/fsm-core not expired, no request
111 silly cache afterAdd fsm-core@0.0.13
112 verbose afterAdd C:\Users\Ricardo Morais\AppData\Roaming\npm-cache\fsm-core\0.0.13\package\package.json not in flight; writing
113 verbose correctMkdir C:\Users\Ricardo Morais\AppData\Roaming\npm-cache correctMkdir not in flight; initializing
114 verbose afterAdd C:\Users\Ricardo Morais\AppData\Roaming\npm-cache\fsm-core\0.0.13\package\package.json written
115 http 304 https://registry.npmjs.org/request
116 verbose headers { server: 'nginx/1.10.1',
116 verbose headers   'last-modified': 'Sun, 23 Apr 2017 11:56:19 GMT',
116 verbose headers   etag: '"58fc9663-373bc"',
116 verbose headers   'cache-control': 'max-age=300',
116 verbose headers   'accept-ranges': 'bytes',
116 verbose headers   date: 'Mon, 24 Apr 2017 20:39:34 GMT',
116 verbose headers   via: '1.1 varnish',
116 verbose headers   connection: 'keep-alive',
116 verbose headers   'x-served-by': 'cache-mad9426-MAD',
116 verbose headers   'x-cache': 'MISS',
116 verbose headers   'x-cache-hits': '0',
116 verbose headers   'x-timer': 'S1493066374.387328,VS0,VE189',
116 verbose headers   vary: 'Accept-Encoding' }
117 silly get cb [ 304,
117 silly get   { server: 'nginx/1.10.1',
117 silly get     'last-modified': 'Sun, 23 Apr 2017 11:56:19 GMT',
117 silly get     etag: '"58fc9663-373bc"',
117 silly get     'cache-control': 'max-age=300',
117 silly get     'accept-ranges': 'bytes',
117 silly get     date: 'Mon, 24 Apr 2017 20:39:34 GMT',
117 silly get     via: '1.1 varnish',
117 silly get     connection: 'keep-alive',
117 silly get     'x-served-by': 'cache-mad9426-MAD',
117 silly get     'x-cache': 'MISS',
117 silly get     'x-cache-hits': '0',
117 silly get     'x-timer': 'S1493066374.387328,VS0,VE189',
117 silly get     vary: 'Accept-Encoding' } ]
118 verbose etag https://registry.npmjs.org/request from cache
119 verbose get saving request to C:\Users\Ricardo Morais\AppData\Roaming\npm-cache\registry.npmjs.org\request\.cache.json
120 verbose correctMkdir C:\Users\Ricardo Morais\AppData\Roaming\npm-cache correctMkdir not in flight; initializing
121 silly resolveWithNewModule request@2.81.0 checking installable status
122 silly cache add args [ 'request@^2.81.0', null ]
123 verbose cache add spec request@^2.81.0
124 silly cache add parsed spec Result {
124 silly cache add   raw: 'request@^2.81.0',
124 silly cache add   scope: null,
124 silly cache add   escapedName: 'request',
124 silly cache add   name: 'request',
124 silly cache add   rawSpec: '^2.81.0',
124 silly cache add   spec: '>=2.81.0 <3.0.0',
124 silly cache add   type: 'range' }
125 silly addNamed request@>=2.81.0 <3.0.0
126 verbose addNamed ">=2.81.0 <3.0.0" is a valid semver range for request
127 silly addNameRange { name: 'request', range: '>=2.81.0 <3.0.0', hasData: false }
128 silly mapToRegistry name request
129 silly mapToRegistry using default registry
130 silly mapToRegistry registry https://registry.npmjs.org/
131 silly mapToRegistry data Result {
131 silly mapToRegistry   raw: 'request',
131 silly mapToRegistry   scope: null,
131 silly mapToRegistry   escapedName: 'request',
131 silly mapToRegistry   name: 'request',
131 silly mapToRegistry   rawSpec: '',
131 silly mapToRegistry   spec: 'latest',
131 silly mapToRegistry   type: 'tag' }
132 silly mapToRegistry uri https://registry.npmjs.org/request
133 verbose addNameRange registry:https://registry.npmjs.org/request not in flight; fetching
134 verbose get https://registry.npmjs.org/request not expired, no request
135 silly addNameRange number 2 { name: 'request', range: '>=2.81.0 <3.0.0', hasData: true }
136 silly addNameRange versions [ 'request',
136 silly addNameRange   [ '0.10.0',
136 silly addNameRange     '0.8.3',
136 silly addNameRange     '0.9.0',
136 silly addNameRange     '0.9.1',
136 silly addNameRange     '0.9.5',
136 silly addNameRange     '1.0.0',
136 silly addNameRange     '1.1.0',
136 silly addNameRange     '1.1.1',
136 silly addNameRange     '1.2.0',
136 silly addNameRange     '1.9.0',
136 silly addNameRange     '1.9.1',
136 silly addNameRange     '1.9.2',
136 silly addNameRange     '1.9.3',
136 silly addNameRange     '1.9.5',
136 silly addNameRange     '1.9.7',
136 silly addNameRange     '1.9.8',
136 silly addNameRange     '1.9.9',
136 silly addNameRange     '2.0.0',
136 silly addNameRange     '2.0.1',
136 silly addNameRange     '2.0.2',
136 silly addNameRange     '2.0.3',
136 silly addNameRange     '2.0.4',
136 silly addNameRange     '2.0.5',
136 silly addNameRange     '2.1.0',
136 silly addNameRange     '2.1.1',
136 silly addNameRange     '2.2.0',
136 silly addNameRange     '2.2.5',
136 silly addNameRange     '2.2.6',
136 silly addNameRange     '2.2.9',
136 silly addNameRange     '2.9.0',
136 silly addNameRange     '2.9.1',
136 silly addNameRange     '2.9.2',
136 silly addNameRange     '2.9.3',
136 silly addNameRange     '2.9.100',
136 silly addNameRange     '2.9.150',
136 silly addNameRange     '2.9.151',
136 silly addNameRange     '2.9.152',
136 silly addNameRange     '2.9.153',
136 silly addNameRange     '2.9.200',
136 silly addNameRange     '2.9.201',
136 silly addNameRange     '2.9.202',
136 silly addNameRange     '2.9.203',
136 silly addNameRange     '2.10.0',
136 silly addNameRange     '2.11.0',
136 silly addNameRange     '2.11.1',
136 silly addNameRange     '2.11.2',
136 silly addNameRange     '2.11.3',
136 silly addNameRange     '2.11.4',
136 silly addNameRange     '2.12.0',
136 silly addNameRange     '2.14.0',
136 silly addNameRange     '2.16.0',
136 silly addNameRange     '2.16.2',
136 silly addNameRange     '2.16.4',
136 silly addNameRange     '2.16.6',
136 silly addNameRange     '2.18.0',
136 silly addNameRange     '2.19.0',
136 silly addNameRange     '2.20.0',
136 silly addNameRange     '2.21.0',
136 silly addNameRange     '2.22.0',
136 silly addNameRange     '2.23.0',
136 silly addNameRange     '2.24.0',
136 silly addNameRange     '2.25.0',
136 silly addNameRange     '2.26.0',
136 silly addNameRange     '2.27.0',
136 silly addNameRange     '2.28.0',
136 silly addNameRange     '2.29.0',
136 silly addNameRange     '2.30.0',
136 silly addNameRange     '2.31.0',
136 silly addNameRange     '2.32.0',
136 silly addNameRange     '2.33.0',
136 silly addNameRange     '2.34.0',
136 silly addNameRange     '2.35.0',
136 silly addNameRange     '2.36.0',
136 silly addNameRange     '2.37.0',
136 silly addNameRange     '2.38.0',
136 silly addNameRange     '2.39.0',
136 silly addNameRange     '2.40.0',
136 silly addNameRange     '2.41.0',
136 silly addNameRange     '2.42.0',
136 silly addNameRange     '2.43.0',
136 silly addNameRange     '2.44.0',
136 silly addNameRange     '2.45.0',
136 silly addNameRange     '2.46.0',
136 silly addNameRange     '2.47.0',
136 silly addNameRange     '2.48.0',
136 silly addNameRange     '2.49.0',
136 silly addNameRange     '2.50.0',
136 silly addNameRange     '2.51.0',
136 silly addNameRange     '2.52.0',
136 silly addNameRange     '2.53.0',
136 silly addNameRange     '2.54.0',
136 silly addNameRange     '2.55.0',
136 silly addNameRange     '2.56.0',
136 silly addNameRange     '2.57.0',
136 silly addNameRange     '2.58.0',
136 silly addNameRange     '2.59.0',
136 silly addNameRange     '2.60.0',
136 silly addNameRange     '2.61.0',
136 silly addNameRange     '2.62.0',
136 silly addNameRange     '2.63.0',
136 silly addNameRange     ... 18 more items ] ]
137 silly addNamed request@2.81.0
138 verbose addNamed "2.81.0" is a plain semver version for request
139 silly cache afterAdd request@2.81.0
140 verbose afterAdd C:\Users\Ricardo Morais\AppData\Roaming\npm-cache\request\2.81.0\package\package.json not in flight; writing
141 verbose correctMkdir C:\Users\Ricardo Morais\AppData\Roaming\npm-cache correctMkdir not in flight; initializing
142 verbose afterAdd C:\Users\Ricardo Morais\AppData\Roaming\npm-cache\request\2.81.0\package\package.json written
143 error git fetch -a origin (ssh://git@github.com/moraispgsi/SCION.git) Permission denied (publickey).
143 error git fetch -a origin (ssh://git@github.com/moraispgsi/SCION.git) fatal: Could not read from remote repository.
143 error git fetch -a origin (ssh://git@github.com/moraispgsi/SCION.git)
143 error git fetch -a origin (ssh://git@github.com/moraispgsi/SCION.git) Please make sure you have the correct access rights
143 error git fetch -a origin (ssh://git@github.com/moraispgsi/SCION.git) and the repository exists.
144 silly fetchPackageMetaData Error: Command failed: git -c core.longpaths=true fetch -a origin
144 silly fetchPackageMetaData Permission denied (publickey).
144 silly fetchPackageMetaData fatal: Could not read from remote repository.
144 silly fetchPackageMetaData
144 silly fetchPackageMetaData Please make sure you have the correct access rights
144 silly fetchPackageMetaData and the repository exists.
144 silly fetchPackageMetaData
144 silly fetchPackageMetaData     at ChildProcess.exithandler (child_process.js:211:12)
144 silly fetchPackageMetaData     at emitTwo (events.js:106:13)
144 silly fetchPackageMetaData     at ChildProcess.emit (events.js:191:7)
144 silly fetchPackageMetaData     at maybeClose (internal/child_process.js:885:16)
144 silly fetchPackageMetaData     at Process.ChildProcess._handle.onexit (internal/child_process.js:226:5)
144 silly fetchPackageMetaData  error for scxml@git+ssh://git@github.com/moraispgsi/SCION.git { Error: Command failed: git -c core.longpaths=true fetch -a origin
144 silly fetchPackageMetaData Permission denied (publickey).
144 silly fetchPackageMetaData fatal: Could not read from remote repository.
144 silly fetchPackageMetaData
144 silly fetchPackageMetaData Please make sure you have the correct access rights
144 silly fetchPackageMetaData and the repository exists.
144 silly fetchPackageMetaData
144 silly fetchPackageMetaData     at ChildProcess.exithandler (child_process.js:211:12)
144 silly fetchPackageMetaData     at emitTwo (events.js:106:13)
144 silly fetchPackageMetaData     at ChildProcess.emit (events.js:191:7)
144 silly fetchPackageMetaData     at maybeClose (internal/child_process.js:885:16)
144 silly fetchPackageMetaData     at Process.ChildProcess._handle.onexit (internal/child_process.js:226:5)
144 silly fetchPackageMetaData   killed: false,
144 silly fetchPackageMetaData   code: 128,
144 silly fetchPackageMetaData   signal: null,
144 silly fetchPackageMetaData   cmd: 'git -c core.longpaths=true fetch -a origin' }
145 silly rollbackFailedOptional Starting
146 silly rollbackFailedOptional Finishing
147 silly runTopLevelLifecycles Finishing
148 silly install printInstalled
149 verbose stack Error: Command failed: git -c core.longpaths=true fetch -a origin
149 verbose stack Permission denied (publickey).
149 verbose stack fatal: Could not read from remote repository.
149 verbose stack
149 verbose stack Please make sure you have the correct access rights
149 verbose stack and the repository exists.
149 verbose stack
149 verbose stack     at ChildProcess.exithandler (child_process.js:211:12)
149 verbose stack     at emitTwo (events.js:106:13)
149 verbose stack     at ChildProcess.emit (events.js:191:7)
149 verbose stack     at maybeClose (internal/child_process.js:885:16)
149 verbose stack     at Process.ChildProcess._handle.onexit (internal/child_process.js:226:5)
150 verbose cwd C:\Users\Ricardo Morais\Desktop\INSTICC\PFC\Projeto final\FSM Engine RESTful\fsm-engine-restful
151 error Windows_NT 10.0.15063
152 error argv "C:\\Program Files\\nodejs\\node.exe" "C:\\Program Files\\nodejs\\node_modules\\npm\\bin\\npm-cli.js" "install"
153 error node v7.3.0
154 error npm  v3.10.10
155 error code 128
156 error Command failed: git -c core.longpaths=true fetch -a origin
156 error Permission denied (publickey).
156 error fatal: Could not read from remote repository.
156 error
156 error Please make sure you have the correct access rights
156 error and the repository exists.
157 error If you need help, you may report this error at:
157 error     <https://github.com/npm/npm/issues>
158 verbose exit [ 1, true ]
